<?xml version="1.0" encoding="UTF-8"?>
<!-- Generated by org.testng.reporters.JUnitReportReporter -->
<testsuite hostname="mehak-pc" failures="0" tests="1" name="test.TestCase3" time="0.001" errors="0" timestamp="2021-07-21T15:31:58 CDT" skipped="0">
  <testcase classname="test.TestCase3" name="Demo4" time="0.001"/>
  <system-out/>
</testsuite> <!-- test.TestCase3 -->
