<?xml version="1.0" encoding="UTF-8"?>
<!-- Generated by org.testng.reporters.JUnitReportReporter -->
<testsuite hostname="mehak-pc" failures="0" tests="3" name="test.TestCase2" time="0.009" errors="0" timestamp="2021-07-21T15:31:58 CDT" skipped="0">
  <testcase classname="test.TestCase2" name="Demo3" time="0.004"/>
  <system-out/>
  <testcase classname="test.TestCase2" name="Demo3" time="0.003"/>
  <system-out/>
  <testcase classname="test.TestCase2" name="Demo3" time="0.002"/>
  <system-out/>
</testsuite> <!-- test.TestCase2 -->
